
Microsoft (R) Program Maintenance Utility   Version 1.40       
Copyright (c) Microsoft Corp 1988-93. All rights reserved.

	SET LIB=..\..\rom;..\..\..\obj
	..\..\..\exe\equator.exe .\oemport\message.asm ..\..\rom\me9.equ

Equator - .EQU File Generation Utility - Ver 1.4
(C) 1994 American Megatrends Inc.

Reading .\oemport\message.asm ....

DONE !

Warning : Include File .\oemport\MAKEFLAG.EQU not found!
	if exist ..\..\core.mod\me5pci.asm ..\..\..\exe\equator.exe ..\..\core.mod\me5pci.asm ..\..\rom\me5.equ
	if exist .\OEMCORE.MOD\me5pci.asm ..\..\..\exe\equator.exe .\OEMCORE.MOD\me5pci.asm ..\..\rom\me5.equ
	copy c:\masm611\tmp\nm872345. ..\..\rom\oemmake.equ
        1 file(s) copied
	copy c:\masm611\tmp\nma72345. + ..\..\rom\oemmake.equ ..\..\rom\makeflag.equ
c:\masm611\tmp\nma72345
..\..\rom\oemmake.equ
        1 file(s) copied
	copy c:\masm611\tmp\nmb72345. ..\..\rom\asmmp.rsp
        1 file(s) copied
	copy /b c:\masm611\tmp\nmc72345. +..\..\rom\asmmp.rsp ..\..\rom\asm.rsp
c:\masm611\tmp\nmc72345
..\..\rom\asmmp.rsp
        1 file(s) copied
DONOTDEL.ASM
LAUNCH.ASM
RAMDATA.ASM
SDMISC.ASM
 Assembling: ..\..\core.mod\DONOTDEL.ASM
 Assembling: ..\..\core.mod\LAUNCH.ASM
 Assembling: ..\..\core.mod\RAMDATA.ASM
 Assembling: ..\..\core.mod\SDMISC.ASM
=== Modify default year/date here ===
LAUNCH.ASM
DONOTDEL.ASM
 Assembling: .\oemcore.mod\LAUNCH.ASM
 Assembling: .\oemcore.mod\DONOTDEL.ASM
	copy c:\masm611\tmp\nmd72345. ..\..\rom\io.inc
        1 file(s) copied
AMIBIOS Setup Script Processor
Version 2.07b (AMISSP Language Version 1)
Copyright (C) 1998 American Megatrends, Inc.
Parsing c:\masm611\tmp\nme72345.
Parsing .\\OEMCORE.MOD\\CORE.SSP
Parsing ..\..\rom\makeflag.equ
Parsing .\\OEMCHIP.MOD\\ADVANCED.SSP
Parsing .\\OEMCHIP.MOD\\CHIPSET.SSP
Parsing .\\OEMCHIP.MOD\\POWER.SSP
Parsing .\\OEMCHIP.MOD\\PCIPNP.SSP
Parsing ..\\..\\rom\\io.inc
Parsing .\\OEMCHIP.MOD\\IO.SSP
Parsing OEMCHIP.MOD\\IO1.SSP
Parsing OEMCHIP.MOD\\IO2.SSP
Parsing OEMCHIP.MOD\\IO3.SSP
Parsing .\\OEMCHIP.MOD\\IOC.SSP
	link ..\..\..\obj\EPA.OBJ, ..\..\rom\epa.exe;

Microsoft (R) Segmented Executable Linker  Version 5.31.009 Jul 13 1992
Copyright (C) Microsoft Corp 1984-1992.  All rights reserved.

LINK : warning L4021: no stack segment
LINK : warning L4038: program has no starting address
	..\..\..\exe\exe2bin ..\..\rom\epa.exe ..\..\rom\epa.bin
 Assembling: ..\..\usb\nusb\postusb.asm
 Assembling: ..\..\sys\nsys\npost.asm
Modified code for E820, in NPOST.ASM
 Assembling: ..\..\sys\post.asm
Modify this routine for Multi-Language Support
 Assembling: .\oemport\oempost.asm
 Assembling: ..\..\acpi\postacpi.asm
 Assembling: ..\..\dim\ndim\dbug.asm
 Assembling: ..\..\cpu\postcpu.asm
---| Cyrix6x86 table in POSTCPU.ASM |---
 Assembling: .\oemport\message.asm
 Assembling: ..\..\usb\runusb.asm
Did you port Enable/Disable USB Function in Chipset properly ?
 Assembling: ..\..\sys\nsys\flsinfo.asm
 Assembling: ..\..\dim\ndim\flsnvrg.asm
 Assembling: ..\..\dim\ndim\rth.asm
 Assembling: ..\..\sys\nsys\io.asm
 Assembling: ..\..\dim\ndim\runext.asm
 Assembling: ..\..\dim\runpci.asm
 Assembling: .\oemport\oemrpci.asm
 Assembling: ..\..\dim\ndim\nrunpci.asm
 Assembling: ..\..\dim\ndim\runvuma.asm
 Assembling: ..\..\dim\ndim\runfb.asm
 Assembling: ..\..\rom\setupequ.asm
 Assembling: ..\..\rom\setuprd.asm
 Assembling: ..\..\sys\flash.asm
 Assembling: .\oemport\oemflash.asm
 Assembling: ..\..\..\include\cpudata.asm
 Assembling: ..\..\cpu\runcpu.asm
 Assembling: ..\..\sys\nsys\i16.asm
 Assembling: ..\..\io\IOC.ASM
 Assembling: ..\..\io\RMISC.ASM
 Assembling: .\OEMIO.MOD\BI61FFDA.ASM
 Assembling: .\OEMIO.MOD\BI61FFDO.ASM
 Assembling: .\OEMIO.MOD\BI61FX.ASM
 Assembling: .\OEMIO.MOD\DONOTDEL.ASM
 Assembling: .\OEMIO.MOD\IT61FFN.ASM
 Assembling: .\OEMIO.MOD\OEMIOTBL.ASM
 Assembling: .\OEMIO.MOD\OEMRMISC.ASM
 Assembling: .\OEMIO.MOD\RI61FCA.ASM
 Assembling: .\OEMIO.MOD\RI61FCB.ASM
 Assembling: .\OEMIO.MOD\RI61FFD.ASM
 Assembling: .\OEMIO.MOD\RI61FIR.ASM
 Assembling: .\OEMIO.MOD\RI61FLP.ASM
 Assembling: .\OEMIO.MOD\RI61FLPE.ASM
 Assembling: .\OEMIO.MOD\RI61FX1.ASM

Microsoft (R) Library Manager  Version 3.20.010
Copyright (C) Microsoft Corp 1983-1992.  All rights reserved.


Microsoft (R) Library Manager  Version 3.20.010
Copyright (C) Microsoft Corp 1983-1992.  All rights reserved.


Microsoft (R) Library Manager  Version 3.20.010
Copyright (C) Microsoft Corp 1983-1992.  All rights reserved.


Microsoft (R) Library Manager  Version 3.20.010
Copyright (C) Microsoft Corp 1983-1992.  All rights reserved.


Microsoft (R) Library Manager  Version 3.20.010
Copyright (C) Microsoft Corp 1983-1992.  All rights reserved.


Microsoft (R) Library Manager  Version 3.20.010
Copyright (C) Microsoft Corp 1983-1992.  All rights reserved.


Microsoft (R) Library Manager  Version 3.20.010
Copyright (C) Microsoft Corp 1983-1992.  All rights reserved.


Microsoft (R) Library Manager  Version 3.20.010
Copyright (C) Microsoft Corp 1983-1992.  All rights reserved.


Microsoft (R) Library Manager  Version 3.20.010
Copyright (C) Microsoft Corp 1983-1992.  All rights reserved.


Microsoft (R) Library Manager  Version 3.20.010
Copyright (C) Microsoft Corp 1983-1992.  All rights reserved.


Microsoft (R) Library Manager  Version 3.20.010
Copyright (C) Microsoft Corp 1983-1992.  All rights reserved.


Microsoft (R) Library Manager  Version 3.20.010
Copyright (C) Microsoft Corp 1983-1992.  All rights reserved.


Microsoft (R) Library Manager  Version 3.20.010
Copyright (C) Microsoft Corp 1983-1992.  All rights reserved.


Microsoft (R) Library Manager  Version 3.20.010
Copyright (C) Microsoft Corp 1983-1992.  All rights reserved.


Microsoft (R) Library Manager  Version 3.20.010
Copyright (C) Microsoft Corp 1983-1992.  All rights reserved.


Microsoft (R) Library Manager  Version 3.20.010
Copyright (C) Microsoft Corp 1983-1992.  All rights reserved.

 Assembling: ..\..\sys\runtime.asm
 Assembling: ..\..\acpi\runacpi.asm
 Assembling: ..\..\sys\nsys\nruntime.asm
 Assembling: .\oemport\oemrun.asm
 Assembling: ..\..\mp\nmp\mpfpstr.asm
 Assembling: ..\..\gpc\ngpc\gapmnsmi.asm
	link /m /ONERROR:NOEXE @c:\masm611\tmp\nmf72345.

Microsoft (R) Segmented Executable Linker  Version 5.31.009 Jul 13 1992
Copyright (C) Microsoft Corp 1984-1992.  All rights reserved.

Object Modules [.obj]: /m /ONERROR:NOEXE ..\..\..\obj\CFDUMMY.OBJ +
Object Modules [.obj]: ..\..\..\obj\JMPDUMMY.OBJ +
Object Modules [.obj]: ..\..\rom\RAMDATA.OBJ +
Object Modules [.obj]: ..\..\..\obj\DISR.OBJ +
Object Modules [.obj]: ..\..\..\obj\RT.OBJ +
Object Modules [.obj]: ..\..\..\obj\\RTGPNV.OBJ +
Object Modules [.obj]: ..\..\..\obj\\GPNVR.OBJ +
Object Modules [.obj]: ..\..\..\obj\\GPNVM.OBJ +
Object Modules [.obj]: ..\..\rom\runusb.obj +
Object Modules [.obj]: ..\..\..\obj\GS9020.OBJ +
Object Modules [.obj]: ..\..\..\obj\NAT9020.OBJ +
Object Modules [.obj]: ..\..\..\obj\GAM9002.OBJ +
Object Modules [.obj]: ..\..\..\obj\GAMMX.OBJ +
Object Modules [.obj]: ..\..\..\obj\NW9020.OBJ +
Object Modules [.obj]: ..\..\rom\flsinfo.obj +
Object Modules [.obj]: ..\..\rom\flsnvrg.obj +
Object Modules [.obj]: ..\..\..\obj\RT-NVR.OBJ +
Object Modules [.obj]: ..\..\rom\rth.obj +
Object Modules [.obj]: ..\..\rom\io.obj +
Object Modules [.obj]: ..\..\rom\runext.obj +
Object Modules [.obj]: ..\..\..\obj\RT-PCI.OBJ +
Object Modules [.obj]: ..\..\rom\runpci.obj +
Object Modules [.obj]: ..\..\rom\oemrpci.obj +
Object Modules [.obj]: ..\..\rom\nrunpci.obj +
Object Modules [.obj]: ..\..\rom\runvuma.obj +
Object Modules [.obj]: ..\..\rom\runfb.obj +
Object Modules [.obj]: ..\..\rom\setupequ.obj +
Object Modules [.obj]: ..\..\rom\setuprd.obj +
Object Modules [.obj]: ..\..\..\obj\\RI.OBJ +
Object Modules [.obj]: ..\..\rom\flash.obj +
Object Modules [.obj]: ..\..\rom\oemflash.obj +
Object Modules [.obj]: ..\..\rom\oemiotbl.obj +
Object Modules [.obj]: ..\..\..\obj\BIOS.OBJ +
Object Modules [.obj]: ..\..\..\obj\PMODE.OBJ +
Object Modules [.obj]: ..\..\..\obj\INT15.OBJ +
Object Modules [.obj]: ..\..\..\obj\INT19.OBJ +
Object Modules [.obj]: ..\..\..\obj\INT9.OBJ +
Object Modules [.obj]: ..\..\..\obj\INT10DM.OBJ +
Object Modules [.obj]: ..\..\..\obj\PS.OBJ +
Object Modules [.obj]: ..\..\..\obj\BSR.OBJ +
Object Modules [.obj]: ..\..\..\obj\AUTO.OBJ +
Object Modules [.obj]: ..\..\..\obj\RELOCATE.OBJ +
Object Modules [.obj]: ..\..\..\obj\INT16.OBJ +
Object Modules [.obj]: ..\..\..\obj\INT2.OBJ +
Object Modules [.obj]: ..\..\..\obj\INT1A.OBJ +
Object Modules [.obj]: ..\..\..\obj\SI.OBJ +
Object Modules [.obj]: ..\..\rom\cpudata.obj +
Object Modules [.obj]: ..\..\..\obj\CPU2.OBJ +
Object Modules [.obj]: ..\..\..\obj\SCPU2.OBJ +
Object Modules [.obj]: ..\..\rom\runcpu.obj +
Object Modules [.obj]: ..\..\rom\i16.obj +
Object Modules [.obj]: ..\..\..\obj\FPU2.OBJ +
Object Modules [.obj]: ..\..\rom\runtime.obj +
Object Modules [.obj]: ..\..\rom\runacpi.obj +
Object Modules [.obj]: ..\..\rom\nruntime.obj +
Object Modules [.obj]: ..\..\rom\oemrun.obj +
Object Modules [.obj]: ..\..\rom\mpfpstr.obj +
Object Modules [.obj]: ..\..\rom\gapmnsmi.obj +
Object Modules [.obj]: ..\..\..\obj\UI.OBJ +
Object Modules [.obj]: ..\..\..\obj\IN.OBJ +
Object Modules [.obj]: ..\..\..\obj\OUT.OBJ +
Object Modules [.obj]: ..\..\..\obj\REMNHDM.OBJ +
Object Modules [.obj]: ..\..\..\obj\ME6.OBJ +
Object Modules [.obj]: ..\..\..\obj\ME8DM.OBJ,
Run File [CFDUMMY.exe]: ..\..\rom\dummyrun.exe,
List File [c:dummyrun.map]: ..\..\rom\dummyrun.map,
Libraries [.lib]: ..\..\rom\ioc.lib+
Libraries [.lib]: ..\..\..\obj\io.lib;
LINK : warning L4021: no stack segment
LINK : warning L4038: program has no starting address
 Assembling: ..\..\dim\RUNPCI.ASM
 Assembling: .\oemport\OEMRPCI.asm
 Assembling: ..\..\dim\ndim\NRUNPCI.ASM
 Assembling: ..\..\dim\ndim\RUNEXT.ASM
	link /m /ONERROR:NOEXE @c:\masm611\tmp\nmg72345.

Microsoft (R) Segmented Executable Linker  Version 5.31.009 Jul 13 1992
Copyright (C) Microsoft Corp 1984-1992.  All rights reserved.

Object Modules [.obj]: /m /ONERROR:NOEXE ..\..\..\obj\PRT-PCI.OBJ +
Object Modules [.obj]: ..\..\rom\prunpci.obj +
Object Modules [.obj]: ..\..\rom\poemrpci.obj +
Object Modules [.obj]: ..\..\rom\pnrunpci.obj +
Object Modules [.obj]: ..\..\rom\prunext.obj,
Run File [PRT-PCI.exe]: ..\..\rom\dmrun32.exe,
List File [c:dmrun32.map]: ..\..\rom\dmrun32.map;
LINK : warning L4021: no stack segment
LINK : warning L4038: program has no starting address
	debug <..\..\..\obj\runtim32.dat >nul
-
-
-
AX=0000  BX=0000  CX=0631  DX=0000  SP=0000  BP=0000  SI=0000  DI=0000  
DS=2308  ES=2308  SS=2318  CS=2318  IP=0000   NV UP EI PL NZ NA PO NC 
2318:0000 5F            POP	DI                                 
-
-
-
-
-
-
-
-
-
2318:0200 
2318:0203 
2318:0206 
2318:0209 
2318:020D 
2318:0210 
2318:0212 
2318:0214 
2318:0216 
2318:0218 
2318:021A 
2318:021D 
2318:021F 
2318:0222 
2318:0224 
2318:0226 
2318:0229 
2318:022B 
2318:022E 
2318:022F 
-
2318:0280 
2318:0282 
2318:0284 
2318:0286 
2318:0288 
2318:028A 
2318:028D 
2318:028E 
2318:028F 
-

AX=0030  BX=D9C0  CX=0604  DX=0000  SP=0000  BP=0000  SI=D9C0  DI=0111  
DS=2308  ES=2308  SS=2318  CS=2318  IP=022E   NV UP EI PL NZ NA PE NC 
2318:022E CC            INT	3                                  
-
-
-
CX 0604
:
-
BX D9C0
:
-
Writing 000C5 bytes
-
-
-
-
-
AX=0000  BX=0000  CX=7645  DX=0000  SP=0000  BP=0000  SI=D9C0  DI=0111  
DS=2308  ES=2308  SS=2318  CS=2318  IP=0000   NV UP EI PL NZ NA PE NC 
2318:0000 50            PUSH	AX                                 
-
-
-
-
-
-
-
-
2318:0200 
2318:0203 
2318:0206 
2318:020A 
2318:020C 
2318:020E 
2318:0210 
2318:0212 
2318:0214 
2318:0217 
2318:0219 
2318:021C 
2318:021E 
2318:0220 
2318:0223 
2318:0225 
2318:0228 
2318:0229 
-
2318:0280 
2318:0282 
2318:0284 
2318:0286 
2318:0288 
2318:028A 
2318:028D 
2318:028E 
2318:028F 
-

AX=0030  BX=6370  CX=7604  DX=0000  SP=0000  BP=0000  SI=6370  DI=0111  
DS=2308  ES=2308  SS=2318  CS=2318  IP=0228   NV UP EI PL NZ NA PE NC 
2318:0228 CC            INT	3                                  
-
-
-
CX 7604
:
-
BX 6370
:
-
Writing 000C1 bytes
-
-
Microsoft (R) Macro Assembler Version 6.11
Copyright (C) Microsoft Corp 1981-1993.  All rights reserved.

 Assembling: ..\..\rom\dr.asm
Microsoft (R) Macro Assembler Version 6.11
Copyright (C) Microsoft Corp 1981-1993.  All rights reserved.

 Assembling: ..\..\rom\rt32strt.asm
 Assembling: ..\..\rom\dr.asm
	link /m /ONERROR:NOEXE @c:\masm611\tmp\nmh72345.

Microsoft (R) Segmented Executable Linker  Version 5.31.009 Jul 13 1992
Copyright (C) Microsoft Corp 1984-1992.  All rights reserved.

Object Modules [.obj]: /m /ONERROR:NOEXE ..\..\..\obj\DP.OBJ +
Object Modules [.obj]: ..\..\rom\RAMDATA.OBJ +
Object Modules [.obj]: ..\..\..\obj\\PI.OBJ +
Object Modules [.obj]: ..\..\..\obj\SN.OBJ +
Object Modules [.obj]: ..\..\..\obj\SILENT.OBJ +
Object Modules [.obj]: ..\..\..\obj\VM.OBJ +
Object Modules [.obj]: ..\..\..\obj\RM.OBJ +
Object Modules [.obj]: ..\..\..\obj\GPCUI.OBJ +
Object Modules [.obj]: ..\..\..\obj\MKEYDM.OBJ +
Object Modules [.obj]: ..\..\..\obj\DI.OBJ +
Object Modules [.obj]: ..\..\..\obj\BUS.OBJ +
Object Modules [.obj]: ..\..\..\obj\BUSMSG.OBJ +
Object Modules [.obj]: ..\..\rom\postusb.obj +
Object Modules [.obj]: ..\..\..\obj\CLK.OBJ +
Object Modules [.obj]: ..\..\rom\npost.obj +
Object Modules [.obj]: ..\..\rom\post.obj +
Object Modules [.obj]: ..\..\rom\oempost.obj +
Object Modules [.obj]: ..\..\rom\postacpi.obj +
Object Modules [.obj]: ..\..\..\obj\GS1.OBJ +
Object Modules [.obj]: ..\..\rom\dbug.obj +
Object Modules [.obj]: ..\..\..\obj\BSP.OBJ +
Object Modules [.obj]: ..\..\..\obj\CPU1.OBJ +
Object Modules [.obj]: ..\..\..\obj\SCPU1.OBJ +
Object Modules [.obj]: ..\..\rom\postcpu.obj +
Object Modules [.obj]: ..\..\..\obj\\GPNVIM.OBJ +
Object Modules [.obj]: ..\..\..\obj\\ME0G.OBJ +
Object Modules [.obj]: ..\..\..\obj\ME5PCI.OBJ +
Object Modules [.obj]: ..\..\..\obj\ME7.OBJ +
Object Modules [.obj]: ..\..\rom\message.obj +
Object Modules [.obj]: ..\..\..\obj\PSE.OBJ +
Object Modules [.obj]: ..\..\rom\dr.obj +
Object Modules [.obj]: ..\..\..\obj\DISR.OBJ +
Object Modules [.obj]: ..\..\..\obj\RT.OBJ +
Object Modules [.obj]: ..\..\..\obj\\RTGPNV.OBJ +
Object Modules [.obj]: ..\..\..\obj\\GPNVR.OBJ +
Object Modules [.obj]: ..\..\..\obj\\GPNVM.OBJ +
Object Modules [.obj]: ..\..\rom\runusb.obj +
Object Modules [.obj]: ..\..\..\obj\GS9020.OBJ +
Object Modules [.obj]: ..\..\..\obj\NAT9020.OBJ +
Object Modules [.obj]: ..\..\..\obj\GAM9002.OBJ +
Object Modules [.obj]: ..\..\..\obj\GAMMX.OBJ +
Object Modules [.obj]: ..\..\..\obj\NW9020.OBJ +
Object Modules [.obj]: ..\..\rom\flsinfo.obj +
Object Modules [.obj]: ..\..\rom\flsnvrg.obj +
Object Modules [.obj]: ..\..\..\obj\RT-NVR.OBJ +
Object Modules [.obj]: ..\..\rom\rth.obj +
Object Modules [.obj]: ..\..\rom\io.obj +
Object Modules [.obj]: ..\..\rom\runext.obj +
Object Modules [.obj]: ..\..\..\obj\RT-PCI.OBJ +
Object Modules [.obj]: ..\..\rom\runpci.obj +
Object Modules [.obj]: ..\..\rom\oemrpci.obj +
Object Modules [.obj]: ..\..\rom\nrunpci.obj +
Object Modules [.obj]: ..\..\rom\runvuma.obj +
Object Modules [.obj]: ..\..\rom\runfb.obj +
Object Modules [.obj]: ..\..\rom\setupequ.obj +
Object Modules [.obj]: ..\..\rom\setuprd.obj +
Object Modules [.obj]: ..\..\..\obj\\RI.OBJ +
Object Modules [.obj]: ..\..\rom\flash.obj +
Object Modules [.obj]: ..\..\rom\oemflash.obj +
Object Modules [.obj]: ..\..\rom\oemiotbl.obj +
Object Modules [.obj]: ..\..\..\obj\BIOS.OBJ +
Object Modules [.obj]: ..\..\..\obj\PMODE.OBJ +
Object Modules [.obj]: ..\..\..\obj\INT15.OBJ +
Object Modules [.obj]: ..\..\..\obj\INT19.OBJ +
Object Modules [.obj]: ..\..\..\obj\INT9.OBJ +
Object Modules [.obj]: ..\..\..\obj\INT10DM.OBJ +
Object Modules [.obj]: ..\..\..\obj\PS.OBJ +
Object Modules [.obj]: ..\..\..\obj\BSR.OBJ +
Object Modules [.obj]: ..\..\..\obj\AUTO.OBJ +
Object Modules [.obj]: ..\..\..\obj\RELOCATE.OBJ +
Object Modules [.obj]: ..\..\..\obj\INT16.OBJ +
Object Modules [.obj]: ..\..\..\obj\INT2.OBJ +
Object Modules [.obj]: ..\..\..\obj\INT1A.OBJ +
Object Modules [.obj]: ..\..\..\obj\SI.OBJ +
Object Modules [.obj]: ..\..\rom\cpudata.obj +
Object Modules [.obj]: ..\..\..\obj\CPU2.OBJ +
Object Modules [.obj]: ..\..\..\obj\SCPU2.OBJ +
Object Modules [.obj]: ..\..\rom\runcpu.obj +
Object Modules [.obj]: ..\..\rom\i16.obj +
Object Modules [.obj]: ..\..\..\obj\FPU2.OBJ +
Object Modules [.obj]: ..\..\rom\runtime.obj +
Object Modules [.obj]: ..\..\rom\runacpi.obj +
Object Modules [.obj]: ..\..\rom\nruntime.obj +
Object Modules [.obj]: ..\..\rom\oemrun.obj +
Object Modules [.obj]: ..\..\rom\mpfpstr.obj +
Object Modules [.obj]: ..\..\rom\gapmnsmi.obj +
Object Modules [.obj]: ..\..\..\obj\UI.OBJ +
Object Modules [.obj]: ..\..\..\obj\IN.OBJ +
Object Modules [.obj]: ..\..\..\obj\OUT.OBJ +
Object Modules [.obj]: ..\..\..\obj\REMNHDM.OBJ +
Object Modules [.obj]: ..\..\..\obj\ME6.OBJ +
Object Modules [.obj]: ..\..\..\obj\ME8DM.OBJ,
Run File [DP.exe]: ..\..\rom\postrun.exe,
List File [c:postrun.map]: ..\..\rom\postrun.map,
Libraries [.lib]: ..\..\rom\ioc.lib+
Libraries [.lib]: ..\..\..\obj\io.lib+
Libraries [.lib]: jmpp.lib;
..\..\..\obj\jmpp.lib(jmp.asm) : warning L4020: _TEXT : code-segment size exceeds 64K-36
LINK : warning L4021: no stack segment
	debug < c:\masm611\tmp\nmi72345.
-
-
-
CX FFFE
:
-
BX 0000
:
-
-
Writing 10000 bytes
-
 Assembling: ..\..\rom\setupdat.asm
 Assembling: ..\..\sys\nsys\nextfunc.asm
 Assembling: .\OEMCHIP.MOD\extfunc.asm
 Assembling: .\OEMCHIP.MOD\IT61FFN.asm
 Assembling: ..\..\sys\setup.asm
 Assembling: .\oemport\oemsetup.asm
 Assembling: ..\..\sys\nsys\nsetup.asm
 Assembling: ..\..\rom\setupmsg.asm
	link /m /ONERROR:NOEXE @c:\masm611\tmp\nmj72345.

Microsoft (R) Segmented Executable Linker  Version 5.31.009 Jul 13 1992
Copyright (C) Microsoft Corp 1984-1992.  All rights reserved.

Object Modules [.obj]: /m /ONERROR:NOEXE ..\..\..\obj\DS.OBJ +
Object Modules [.obj]: ..\..\rom\RAMDATA.OBJ +
Object Modules [.obj]: ..\..\rom\setupdat.obj +
Object Modules [.obj]: ..\..\rom\nextfunc.obj +
Object Modules [.obj]: ..\..\rom\extfunc.obj +
Object Modules [.obj]: ..\..\..\obj\BOOTEXT.OBJ +
Object Modules [.obj]: ..\..\rom\IT61FFN.OBJ +
Object Modules [.obj]: ..\..\..\obj\CMOS.OBJ +
Object Modules [.obj]: ..\..\..\obj\HS.OBJ +
Object Modules [.obj]: ..\..\rom\setup.obj +
Object Modules [.obj]: ..\..\rom\oemsetup.obj +
Object Modules [.obj]: ..\..\rom\nsetup.obj +
Object Modules [.obj]: ..\..\rom\LAUNCH.OBJ +
Object Modules [.obj]: ..\..\..\obj\LANG.OBJ +
Object Modules [.obj]: ..\..\rom\SDMISC.OBJ +
Object Modules [.obj]: ..\..\rom\setupmsg.obj +
Object Modules [.obj]: ..\..\..\obj\PSE.OBJ +
Object Modules [.obj]: ..\..\rom\dr.obj +
Object Modules [.obj]: ..\..\..\obj\DISR.OBJ +
Object Modules [.obj]: ..\..\..\obj\RT.OBJ +
Object Modules [.obj]: ..\..\..\obj\\RTGPNV.OBJ +
Object Modules [.obj]: ..\..\..\obj\\GPNVR.OBJ +
Object Modules [.obj]: ..\..\..\obj\\GPNVM.OBJ +
Object Modules [.obj]: ..\..\rom\runusb.obj +
Object Modules [.obj]: ..\..\..\obj\GS9020.OBJ +
Object Modules [.obj]: ..\..\..\obj\NAT9020.OBJ +
Object Modules [.obj]: ..\..\..\obj\GAM9002.OBJ +
Object Modules [.obj]: ..\..\..\obj\GAMMX.OBJ +
Object Modules [.obj]: ..\..\..\obj\NW9020.OBJ +
Object Modules [.obj]: ..\..\rom\flsinfo.obj +
Object Modules [.obj]: ..\..\rom\flsnvrg.obj +
Object Modules [.obj]: ..\..\..\obj\RT-NVR.OBJ +
Object Modules [.obj]: ..\..\rom\rth.obj +
Object Modules [.obj]: ..\..\rom\io.obj +
Object Modules [.obj]: ..\..\rom\runext.obj +
Object Modules [.obj]: ..\..\..\obj\RT-PCI.OBJ +
Object Modules [.obj]: ..\..\rom\runpci.obj +
Object Modules [.obj]: ..\..\rom\oemrpci.obj +
Object Modules [.obj]: ..\..\rom\nrunpci.obj +
Object Modules [.obj]: ..\..\rom\runvuma.obj +
Object Modules [.obj]: ..\..\rom\runfb.obj +
Object Modules [.obj]: ..\..\rom\setupequ.obj +
Object Modules [.obj]: ..\..\rom\setuprd.obj +
Object Modules [.obj]: ..\..\..\obj\\RI.OBJ +
Object Modules [.obj]: ..\..\rom\flash.obj +
Object Modules [.obj]: ..\..\rom\oemflash.obj +
Object Modules [.obj]: ..\..\rom\oemiotbl.obj +
Object Modules [.obj]: ..\..\..\obj\BIOS.OBJ +
Object Modules [.obj]: ..\..\..\obj\PMODE.OBJ +
Object Modules [.obj]: ..\..\..\obj\INT15.OBJ +
Object Modules [.obj]: ..\..\..\obj\INT19.OBJ +
Object Modules [.obj]: ..\..\..\obj\INT9.OBJ +
Object Modules [.obj]: ..\..\..\obj\INT10DM.OBJ +
Object Modules [.obj]: ..\..\..\obj\PS.OBJ +
Object Modules [.obj]: ..\..\..\obj\BSR.OBJ +
Object Modules [.obj]: ..\..\..\obj\AUTO.OBJ +
Object Modules [.obj]: ..\..\..\obj\RELOCATE.OBJ +
Object Modules [.obj]: ..\..\..\obj\INT16.OBJ +
Object Modules [.obj]: ..\..\..\obj\INT2.OBJ +
Object Modules [.obj]: ..\..\..\obj\INT1A.OBJ +
Object Modules [.obj]: ..\..\..\obj\SI.OBJ +
Object Modules [.obj]: ..\..\rom\cpudata.obj +
Object Modules [.obj]: ..\..\..\obj\CPU2.OBJ +
Object Modules [.obj]: ..\..\..\obj\SCPU2.OBJ +
Object Modules [.obj]: ..\..\rom\runcpu.obj +
Object Modules [.obj]: ..\..\rom\i16.obj +
Object Modules [.obj]: ..\..\..\obj\FPU2.OBJ +
Object Modules [.obj]: ..\..\rom\runtime.obj +
Object Modules [.obj]: ..\..\rom\runacpi.obj +
Object Modules [.obj]: ..\..\rom\nruntime.obj +
Object Modules [.obj]: ..\..\rom\oemrun.obj +
Object Modules [.obj]: ..\..\rom\mpfpstr.obj +
Object Modules [.obj]: ..\..\rom\gapmnsmi.obj +
Object Modules [.obj]: ..\..\..\obj\UI.OBJ +
Object Modules [.obj]: ..\..\..\obj\IN.OBJ +
Object Modules [.obj]: ..\..\..\obj\OUT.OBJ +
Object Modules [.obj]: ..\..\..\obj\REMNHDM.OBJ +
Object Modules [.obj]: ..\..\..\obj\ME6.OBJ +
Object Modules [.obj]: ..\..\..\obj\ME8DM.OBJ,
Run File [DS.exe]: ..\..\rom\setrun.exe,
List File [c:setrun.map]: ..\..\rom\setrun.map,
Libraries [.lib]: ..\..\rom\ioc.lib+
Libraries [.lib]: ..\..\..\obj\io.lib+
Libraries [.lib]: jmps.lib;
..\..\..\obj\jmps.lib(jmp.asm) : warning L4020: _TEXT : code-segment size exceeds 64K-36
LINK : warning L4021: no stack segment
LINK : warning L4038: program has no starting address
	debug <..\..\..\obj\runtim32.dat >nul
-
-
-
AX=0000  BX=0000  CX=0631  DX=0000  SP=0000  BP=0000  SI=0000  DI=0000  
DS=2308  ES=2308  SS=2318  CS=2318  IP=0000   NV UP EI PL NZ NA PO NC 
2318:0000 5F            POP	DI                                 
-
-
-
-
-
-
-
-
-
2318:0200 
2318:0203 
2318:0206 
2318:0209 
2318:020D 
2318:0210 
2318:0212 
2318:0214 
2318:0216 
2318:0218 
2318:021A 
2318:021D 
2318:021F 
2318:0222 
2318:0224 
2318:0226 
2318:0229 
2318:022B 
2318:022E 
2318:022F 
-
2318:0280 
2318:0282 
2318:0284 
2318:0286 
2318:0288 
2318:028A 
2318:028D 
2318:028E 
2318:028F 
-

AX=0030  BX=D9C0  CX=0604  DX=0000  SP=0000  BP=0000  SI=D9C0  DI=0111  
DS=2308  ES=2308  SS=2318  CS=2318  IP=022E   NV UP EI PL NZ NA PE NC 
2318:022E CC            INT	3                                  
-
-
-
CX 0604
:
-
BX D9C0
:
-
Writing 000C5 bytes
-
-
-
-
-
AX=0000  BX=0000  CX=7645  DX=0000  SP=0000  BP=0000  SI=D9C0  DI=0111  
DS=2308  ES=2308  SS=2318  CS=2318  IP=0000   NV UP EI PL NZ NA PE NC 
2318:0000 50            PUSH	AX                                 
-
-
-
-
-
-
-
-
2318:0200 
2318:0203 
2318:0206 
2318:020A 
2318:020C 
2318:020E 
2318:0210 
2318:0212 
2318:0214 
2318:0217 
2318:0219 
2318:021C 
2318:021E 
2318:0220 
2318:0223 
2318:0225 
2318:0228 
2318:0229 
-
2318:0280 
2318:0282 
2318:0284 
2318:0286 
2318:0288 
2318:028A 
2318:028D 
2318:028E 
2318:028F 
-

AX=0030  BX=6370  CX=7604  DX=0000  SP=0000  BP=0000  SI=6370  DI=0111  
DS=2308  ES=2308  SS=2318  CS=2318  IP=0228   NV UP EI PL NZ NA PE NC 
2318:0228 CC            INT	3                                  
-
-
-
CX 7604
:
-
BX 6370
:
-
Writing 000C1 bytes
-
-
Microsoft (R) Macro Assembler Version 6.11
Copyright (C) Microsoft Corp 1981-1993.  All rights reserved.

 Assembling: ..\..\rom\dr.asm
Microsoft (R) Macro Assembler Version 6.11
Copyright (C) Microsoft Corp 1981-1993.  All rights reserved.

 Assembling: ..\..\rom\rt32strt.asm
 Assembling: ..\..\rom\rt32strt.asm
	link /m /ONERROR:NOEXE @c:\masm611\tmp\nmk72345.

Microsoft (R) Segmented Executable Linker  Version 5.31.009 Jul 13 1992
Copyright (C) Microsoft Corp 1984-1992.  All rights reserved.

Object Modules [.obj]: /m /ONERROR:NOEXE ..\..\rom\rt32strt.obj +
Object Modules [.obj]: ..\..\..\obj\PRT-PCI.OBJ +
Object Modules [.obj]: ..\..\rom\prunpci.obj +
Object Modules [.obj]: ..\..\rom\poemrpci.obj +
Object Modules [.obj]: ..\..\rom\pnrunpci.obj +
Object Modules [.obj]: ..\..\rom\prunext.obj +
Object Modules [.obj]: ..\..\..\obj\RT32END.OBJ,
Run File [rt32strt.exe]: ..\..\rom\run32.exe,
List File [c:run32.map]: ..\..\rom\run32.map;
LINK : warning L4021: no stack segment
LINK : warning L4038: program has no starting address
	debug < c:\masm611\tmp\nml72345.
-
-
-
-
-
 ^ Error
-
-
 ^ Error
-
-
 ^ Error
-
2315:F6E9  01. 
-
2315:F532  20. 
-
CX FFFE
:
-
BX 0000
:
-
-
-
Writing 10000 bytes
-
	debug < c:\masm611\tmp\nmm72345.
-
-
-
22D5:0100 
22D5:0103 
22D5:0105 
22D5:0107 
22D5:0109 
22D5:010A 
22D5:010C 
22D5:010E 
22D5:0110 
22D5:0112 
22D5:0114 
22D5:0116 
22D5:0119 
22D5:011C 
22D5:011F 
22D5:0121 
22D5:0123 
22D5:0125 
22D5:0127 
22D5:0129 
22D5:012C 
22D5:012F 
22D5:0132 
22D5:0133 
22D5:0135 
22D5:0137 
22D5:0139 
22D5:013B 
22D5:013D 
22D5:0140 
22D5:0143 
22D5:0146 
22D5:0147 
-

AX=3130  BX=0001  CX=1904  DX=1901  SP=FFEE  BP=0000  SI=0000  DI=0000  
DS=3000  ES=22D5  SS=22D5  CS=22D5  IP=0146   NV UP EI PL NZ NA PO NC 
22D5:0146 CC            INT	3                                  
-
CX 1904
:
-
BX 0001
:
-
Writing 10000 bytes
-
	debug < c:\masm611\tmp\nmn72345.
-
-
-
2305:0080 
2305:0081 
2305:0083 
2305:0086 
2305:0087 
2305:0089 
2305:008B 
2305:008F 
2305:0091 
2305:0096 
2305:009B 
2305:009E 
2305:00A1 
2305:00A2 
2305:00A3 
-

AX=3315  BX=DFF6  CX=0000  DX=0000  SP=0000  BP=0000  SI=DFF6  DI=0646  
DS=2305  ES=2305  SS=2315  CS=2305  IP=00A2   NV UP DI PL NZ NA PE NC 
2305:00A2 CC            INT	3                                  
-
-
-
-
-
SP 0000
:
-
-
2305:0080 
2305:0081 
2305:0083 
2305:0085 
2305:0088 
2305:008B 
2305:008D 
2305:0094 
2305:009A 
2305:009C 
2305:00A3 
2305:00A6 
2305:00A7 
2305:00A9 
2305:00AD 
2305:00B1 
2305:00B4 
2305:00B6 
2305:00B7 
2305:00B8 
-
-

AX=3315  BX=0001  CX=0000  DX=0000  SP=0100  BP=0000  SI=0646  DI=DFF6  
DS=2305  ES=2315  SS=2305  CS=2305  IP=00B7   NV UP DI PL NZ NA PO NC 
2305:00B7 CC            INT	3                                  
-
-
CX 0000
:
-
BX 0001
:
-
-
-
Writing 10000 bytes
-
 Assembling: .\OEMIO.MOD\OEMIOTBL.ASM
	copy c:\masm611\tmp\nmo72345. ..\..\rom\bkbcrtc.inc
        1 file(s) copied
	copy c:\masm611\tmp\nmp72345. ..\..\rom\bfdc.inc
        1 file(s) copied
 Assembling: ..\..\sys\nsys\flashio.asm
 Assembling: ..\..\sys\memory.asm
=== Memory refresh starts after memory sizing ===
 Assembling: .\oemport\oemmemry.asm
	link /m /ONERROR:NOEXE @c:\masm611\tmp\nmq72345.

Microsoft (R) Segmented Executable Linker  Version 5.31.009 Jul 13 1992
Copyright (C) Microsoft Corp 1984-1992.  All rights reserved.

Object Modules [.obj]: /m /ONERROR:NOEXE ..\..\..\obj\BCF.obj +
Object Modules [.obj]: ..\..\..\obj\UB.obj +
Object Modules [.obj]: ..\..\..\obj\PMODE.OBJ +
Object Modules [.obj]: ..\..\..\obj\UP.obj +
Object Modules [.obj]: ..\..\..\obj\B_FLOPPY.OBJ +
Object Modules [.obj]: ..\..\..\obj\B_FLASH.OBJ +
Object Modules [.obj]: ..\..\rom\flsinfo.obj +
Object Modules [.obj]: ..\..\..\obj\B-C.OBJ +
Object Modules [.obj]: ..\..\..\obj\BAM9002.OBJ +
Object Modules [.obj]: ..\..\..\obj\BS9020.OBJ +
Object Modules [.obj]: ..\..\..\obj\BAT9020.OBJ +
Object Modules [.obj]: ..\..\..\obj\BW9020.OBJ +
Object Modules [.obj]: ..\..\..\obj\BAMMX.OBJ +
Object Modules [.obj]: ..\..\..\obj\BAMMXINF.OBJ +
Object Modules [.obj]: ..\..\..\obj\BCFE.obj +
Object Modules [.obj]: ..\..\..\obj\UCF.obj +
Object Modules [.obj]: ..\..\rom\flash.obj +
Object Modules [.obj]: ..\..\rom\oemflash.obj +
Object Modules [.obj]: ..\..\rom\oemiotbb.obj +
Object Modules [.obj]: ..\..\rom\flashio.obj +
Object Modules [.obj]: ..\..\rom\memory.obj +
Object Modules [.obj]: ..\..\rom\oemmemry.obj,
Run File [BCF.exe]: ..\..\rom\init.exe,
List File [c:init.map]: ..\..\rom\init.map,
Libraries [.lib]: ..\..\rom\ioc.lib+
Libraries [.lib]: ..\..\..\obj\io.lib;
LINK : warning L4021: no stack segment
LINK : warning L4038: program has no starting address
	debug < c:\masm611\tmp\nmr72345.
-
-
-
-
-
-
 ^ Error
-
 ^ Error
-
 ^ Error
-
 ^ Error
-
-
-
-
-
-
 ^ Error
-
 ^ Error
-
 ^ Error
-
-
-
-
-
 ^ Error
-
 ^ Error
-
-
-
-
 ^ Error
-
 ^ Error
-
 ^ Error
-
 ^ Error
-
 ^ Error
-
-
-
-
 ^ Error
-
 ^ Error
-
 ^ Error
-
 ^ Error
-
 ^ Error
-
 ^ Error
-
 ^ Error
-
 ^ Error
-
 ^ Error
-
 ^ Error
-
 ^ Error
-
 ^ Error
-
 ^ Error
-
 ^ Error
-
 ^ Error
-
 ^ Error
-
-
Writing 0E985 bytes
-
 ^ Error
-
	link /m /ONERROR:NOEXE @c:\masm611\tmp\nms72345.

Microsoft (R) Segmented Executable Linker  Version 5.31.009 Jul 13 1992
Copyright (C) Microsoft Corp 1984-1992.  All rights reserved.

Object Modules [.obj]: /m /ONERROR:NOEXE ..\..\..\obj\INT13.OBJ +
Object Modules [.obj]: ..\..\..\obj\HD.OBJ +
Object Modules [.obj]: ..\..\..\obj\MO.OBJ +
Object Modules [.obj]: ..\..\..\obj\RELOCATE.OBJ +
Object Modules [.obj]: ..\..\..\obj\BUSIDE.OBJ +
Object Modules [.obj]: ..\..\..\obj\VPDM.OBJ +
Object Modules [.obj]: ..\..\..\obj\FD.OBJ +
Object Modules [.obj]: ..\..\..\obj\CDR.OBJ +
Object Modules [.obj]: ..\..\..\obj\AFD.OBJ +
Object Modules [.obj]: ..\..\..\obj\AUTO.OBJ +
Object Modules [.obj]: ..\..\..\obj\IBCOM.OBJ +
Object Modules [.obj]: ..\..\..\obj\INT13RE.OBJ +
Object Modules [.obj]: ..\..\..\obj\HI.OBJ +
Object Modules [.obj]: ..\..\..\obj\FI.OBJ +
Object Modules [.obj]: ..\..\..\obj\CDI.OBJ +
Object Modules [.obj]: ..\..\..\obj\AFDI.OBJ +
Object Modules [.obj]: ..\..\..\obj\ME6.OBJ +
Object Modules [.obj]: ..\..\rom\setupequ.obj +
Object Modules [.obj]: ..\..\..\obj\INT13PE.OBJ,
Run File [INT13.exe]: ..\..\rom\int13.exe,
List File [c:int13.map]: ..\..\rom\int13.map;
LINK : warning L4021: no stack segment
LINK : warning L4038: program has no starting address
	..\..\..\exe\exe2bin ..\..\rom\INT13.EXE ..\..\rom\1SIS5300.I13
	copy c:\masm611\tmp\nmt72345. ..\..\rom\1SIS5300.bbp
        1 file(s) copied
	link /m /ONERROR:NOEXE @c:\masm611\tmp\nmu72345.

Microsoft (R) Segmented Executable Linker  Version 5.31.009 Jul 13 1992
Copyright (C) Microsoft Corp 1984-1992.  All rights reserved.

Object Modules [.obj]: /m /ONERROR:NOEXE ..\..\..\obj\UUI.obj +
Object Modules [.obj]: ..\..\..\obj\UZDAT.OBJ +
Object Modules [.obj]: ..\..\..\obj\UZ.OBJ,
Run File [UUI.exe]: ..\..\rom\uui.exe,
List File [c:uui.map]: ..\..\rom\uui.map;
LINK : warning L4021: no stack segment
LINK : warning L4038: program has no starting address
	..\..\..\exe\exe2bin ..\..\rom\uui.exe ..\..\rom\1SIS5300.BBC
	debug < c:\masm611\tmp\nmv72345.
-
-
-
BX 0000
:
-
CX 0000
:
-
-
Writing 00008 bytes
-
 Assembling: ..\..\dim\postdim.asm
 Assembling: .\oemport\oempdim.asm
 Assembling: ..\..\dim\ndim\npostdim.asm
 Assembling: ..\..\dim\ndim\postext.asm
 Assembling: ..\..\dim\ndim\pcinc.asm
 Assembling: ..\..\dim\ndim\pcifb.asm
	link /m /ONERROR:NOEXE @c:\masm611\tmp\nmw72345.

Microsoft (R) Segmented Executable Linker  Version 5.31.009 Jul 13 1992
Copyright (C) Microsoft Corp 1984-1992.  All rights reserved.

Object Modules [.obj]: /m /ONERROR:NOEXE ..\..\..\obj\DIMSTART.OBJ +
Object Modules [.obj]: ..\..\..\obj\DIM.OBJ +
Object Modules [.obj]: ..\..\..\obj\RESMGR.OBJ +
Object Modules [.obj]: ..\..\..\obj\DI-SYS.OBJ +
Object Modules [.obj]: ..\..\rom\setupequ.obj +
Object Modules [.obj]: ..\..\rom\postdim.obj +
Object Modules [.obj]: ..\..\rom\oempdim.obj +
Object Modules [.obj]: ..\..\rom\npostdim.obj +
Object Modules [.obj]: ..\..\rom\postext.obj +
Object Modules [.obj]: ..\..\..\obj\DI-ISA.OBJ +
Object Modules [.obj]: ..\..\..\obj\DI-PNP.OBJ +
Object Modules [.obj]: ..\..\..\obj\DI-PCI.OBJ +
Object Modules [.obj]: ..\..\..\obj\PCI-BR.OBJ +
Object Modules [.obj]: ..\..\..\obj\PCI-MNDM.OBJ +
Object Modules [.obj]: ..\..\rom\pcinc.obj +
Object Modules [.obj]: ..\..\rom\pcifb.obj +
Object Modules [.obj]: ..\..\..\obj\DI-CLOSE.OBJ +
Object Modules [.obj]: ..\..\..\obj\DIMEND.OBJ,
Run File [DIMSTART.exe]: ..\..\rom\dim.exe,
List File [c:dim.map]: ..\..\rom\dim.map;
LINK : warning L4021: no stack segment
LINK : warning L4038: program has no starting address
	..\..\..\exe\exe2bin ..\..\rom\dim.exe ..\..\rom\1SIS5300.dim
 Assembling: ..\..\gpc\ngpc\gpm.asm
 Assembling: ..\..\usb\nusb\usb.asm
 Assembling: ..\..\usb\nusb\ohci.asm
 Assembling: ..\..\usb\nusb\usbkbd.asm
periodic interrupt every 16 milisec
repeat rate is always 30 char/sec
 Assembling: ..\..\usb\nusb\smipci.asm
 Assembling: ..\..\usb\gpcusb.asm
	link /m /ONERROR:NOEXE @c:\masm611\tmp\nmx72345.

Microsoft (R) Segmented Executable Linker  Version 5.31.009 Jul 13 1992
Copyright (C) Microsoft Corp 1984-1992.  All rights reserved.

Object Modules [.obj]: /m /ONERROR:NOEXE ..\..\rom\gpm.obj +
Object Modules [.obj]: ..\..\rom\usb.obj +
Object Modules [.obj]: ..\..\rom\ohci.obj +
Object Modules [.obj]: ..\..\rom\usbkbd.obj +
Object Modules [.obj]: ..\..\rom\smipci.obj +
Object Modules [.obj]: ..\..\rom\gpcusb.obj +
Object Modules [.obj]: ..\..\rom\setupequ.obj,
Run File [gpm.exe]: ..\..\rom\gpc.exe,
List File [c:gpc.map]: ..\..\rom\gpc.map;
LINK : warning L4021: no stack segment
LINK : warning L4038: program has no starting address
	..\..\..\exe\exe2bin ..\..\rom\gpc.exe ..\..\rom\1SIS5300.GPC
 Assembling: ..\..\acpi\acpitbl.asm
	link /m /ONERROR:NOEXE @c:\masm611\tmp\nmy72345.

Microsoft (R) Segmented Executable Linker  Version 5.31.009 Jul 13 1992
Copyright (C) Microsoft Corp 1984-1992.  All rights reserved.

Object Modules [.obj]: /m /ONERROR:NOEXE ..\..\rom\acpitbl.obj,
Run File [acpitbl.exe]: ..\..\rom\acpitbl.exe,
List File [c:acpitbl.map]: ..\..\rom\acpitbl.map;
LINK : warning L4021: no stack segment
LINK : warning L4038: program has no starting address
	..\..\..\exe\exe2bin ..\..\rom\acpitbl.exe ..\..\rom\1SIS5300.ACP
.\oemport\acpi.asl\CUST_BAT.OEM
.\oemport\acpi.asl\CUST_EC.OEM
.\oemport\acpi.asl\CUST_FAN.OEM
.\oemport\acpi.asl\CUST_IRQ.OEM
.\oemport\acpi.asl\CUST_ISA.OEM
.\oemport\acpi.asl\CUST_PCI.OEM
.\oemport\acpi.asl\CUST_PTS.OEM
.\oemport\acpi.asl\CUST_SI.OEM
.\oemport\acpi.asl\CUST_STP.OEM
        9 file(s) copied
	copy c:\masm611\tmp\nmz72345. .\oemport\acpi.asl\OEMDSDT.asl
        1 file(s) copied
	..\..\..\exe\asl /Fo=..\..\rom\1SIS5300.AML  /Fl=..\..\rom\oemdsdt.lst /Fn=..\..\rom\oemdsdt.nsd  .\oemport\acpi.asl\oemdsdt.asl
ACPI Source Language Assembler Version 1.0.11 [Jan 18 1999, 17:50:22]
Copyright (c) 1996,1999 Microsoft Corporation
Compliant with ACPI 1.0 specification

.\oemport\acpi.asl\oemdsdt.asl:
.\oemport\acpi.asl\sis530.asl:
.\oemport\acpi.asl\irq-pci.asl:
.\oemport\acpi.asl\sysstand.asl:
.\oemport\acpi.asl\superio.asl:
.\oemport\acpi.asl\SI.asl:
asl(OEMDSDT.AML): Image Size=5913, Image Checksum=0x6b

 Assembling: ..\..\sys\nsys\smbdata.asm
	link /m /ONERROR:NOEXE @c:\masm611\tmp\nn872345.

Microsoft (R) Segmented Executable Linker  Version 5.31.009 Jul 13 1992
Copyright (C) Microsoft Corp 1984-1992.  All rights reserved.

Object Modules [.obj]: /m /ONERROR:NOEXE ..\..\rom\smbdata.obj,
Run File [smbdata.exe]: ..\..\rom\smd.exe,
List File [c:smd.map]: ..\..\rom\smd.map;
LINK : warning L4021: no stack segment
LINK : warning L4038: program has no starting address
	..\..\..\exe\exe2bin ..\..\rom\smd.exe ..\..\rom\1SIS5300.DMI
 Assembling: ..\..\sys\nsys\smb.asm
 Assembling: ..\..\sys\nsys\smbrun.asm
Fill up DmiStorageBase and DmiStorageSize properly
Need to Implement the validate parameter subfunction properly
 Assembling: ..\..\sys\nsys\smbsub.asm
 Assembling: ..\..\sys\nsys\smbrune.asm
 Assembling: ..\..\sys\nsys\smbpost.asm
Implement the routine to validate & sort the strucrues
May need to be updated properly
	link /m /ONERROR:NOEXE @c:\masm611\tmp\nna72345.

Microsoft (R) Segmented Executable Linker  Version 5.31.009 Jul 13 1992
Copyright (C) Microsoft Corp 1984-1992.  All rights reserved.

Object Modules [.obj]: /m /ONERROR:NOEXE ..\..\rom\smb.obj +
Object Modules [.obj]: ..\..\rom\smbrun.obj +
Object Modules [.obj]: ..\..\rom\smbsub.obj +
Object Modules [.obj]: ..\..\rom\smbrune.obj +
Object Modules [.obj]: ..\..\rom\smbpost.obj,
Run File [smb.exe]: ..\..\rom\smc.exe,
List File [c:smc.map]: ..\..\rom\smc.map;
LINK : warning L4021: no stack segment
LINK : warning L4038: program has no starting address
	..\..\..\exe\exe2bin ..\..\rom\smc.exe ..\..\rom\1SIS5300.SMC
 Assembling: ..\..\sys\nsys\devinfo.asm
	link /m /ONERROR:NOEXE @c:\masm611\tmp\nnb72345.

Microsoft (R) Segmented Executable Linker  Version 5.31.009 Jul 13 1992
Copyright (C) Microsoft Corp 1984-1992.  All rights reserved.

Object Modules [.obj]: /m /ONERROR:NOEXE ..\..\..\obj\DC.OBJ +
Object Modules [.obj]: ..\..\rom\devinfo.obj +
Object Modules [.obj]: ..\..\rom\setupequ.obj,
Run File [DC.exe]: ..\..\rom\dc.exe,
List File [c:dc.map]: ..\..\rom\dc.map;
LINK : warning L4021: no stack segment
LINK : warning L4038: program has no starting address
	..\..\..\exe\exe2bin ..\..\rom\dc.exe ..\..\rom\1SIS5300.DC
	copy c:\masm611\tmp\nnc72345. ..\..\rom\dc.bbp
        1 file(s) copied
	copy ..\..\rom\1SIS5300.BBP + ..\..\rom\dc.bbp ..\..\rom\1SIS5300.BBP
..\..\rom\1SIS5300.bbp
..\..\rom\dc.bbp
        1 file(s) copied
	..\..\..\exe\pnpcksum ..\..\rom\1SIS5300.set
Plug and Play Installation Check Structure Checksum Fixer
Copyright (C)1994, American Megatrends, Inc.
  PnP Installation Check Structure (rev:16) found at offset 7450
  Updated checksum field
	..\..\..\exe\pcicksum ..\..\rom\1SIS5300.set
PCI Installation Check Structure Checksum Fixer
Copyright (C)1995, American Megatrends, Inc.
  PCI Installation Check Structure (rev:0) found at offset D9C0
  Updated checksum field
	..\..\..\exe\amibbp ..\..\rom\1SIS5300.bbp

AMIBIOS Builder Preprocessor - Version 2.03
Copyright (c) 1998 American Megatrends, Inc.


 AMIBBP Successful!!!
	..\..\..\exe\amimm ..\..\rom\1SIS5300.mm /b
DOS/4G Protected Mode Run-time  Version 2.01a
Copyright (c) Tenberry Software, Inc. 1996

!! Module Manipulation Successful !!
	..\..\..\exe\amimm ..\..\rom\1SIS5300.rom /I ..\..\core.mod\PCX256.BIN 32 /M 0000 0000
DOS/4G Protected Mode Run-time  Version 2.01a
Copyright (c) Tenberry Software, Inc. 1996

!! Module Manipulation Successful !!
	..\..\..\exe\amimm ..\..\rom\1SIS5300.rom /I bluesea.pcx 33 /M 0000 0200
DOS/4G Protected Mode Run-time  Version 2.01a
Copyright (c) Tenberry Software, Inc. 1996

!! Module Manipulation Successful !!
	..\..\..\exe\amimm ..\..\rom\1SIS5300.rom /I ..\..\rom\1SIS5300.RID 0C /U /M 0000 0000
DOS/4G Protected Mode Run-time  Version 2.01a
Copyright (c) Tenberry Software, Inc. 1996

!! Module Manipulation Successful !!
	..\..\..\exe\amimm ..\..\rom\1SIS5300.rom /i ..\..\rom\epa.bin 31 /m 0000 0000
DOS/4G Protected Mode Run-time  Version 2.01a
Copyright (c) Tenberry Software, Inc. 1996

!! Module Manipulation Successful !!
	..\..\..\exe\amimm ..\..\rom\1SIS5300.rom /I ..\..\..\add-on.rom\530v107.rom 20 /M 6306 1039
DOS/4G Protected Mode Run-time  Version 2.01a
Copyright (c) Tenberry Software, Inc. 1996

!! Module Manipulation Successful !!
	..\..\..\exe\amimm ..\..\rom\1SIS5300.rom /L
DOS/4G Protected Mode Run-time  Version 2.01a
Copyright (c) Tenberry Software, Inc. 1996
ÚÄÄÄÄÄÄÄÄÄÄÄÄÄÄÄÄÄÄÄÄÄÄÄÄÄÄÄÄÄÄÄÄÄÄÄÄÄÄÄÄÄÄÄÄÄÄÄÄÄÄÄÄÄÄÄÄÄÄÄÄÄÄÄÄÄÄÄÄÄÄÄÄÄÄÄÄÄ¿
³         AMIBIOS ROM Module Manipulation Utility - Module Information        ³
³   Copyright (C)1998 American Megatrends Inc. All Rights Reserved. Ver.2.00  ³
ÃÄÄÄÄÄÄÄÄÄÄÄÄÄÄÄÄÄÄÄÄÄÄÄÄÄÄÄÄÄÄÄÄÄÄÄÄÄÄÄÄÄÄÄÄÄÄÄÄÄÄÄÄÄÄÄÄÄÄÄÄÄÄÄÄÄÄÄÄÄÄÄÄÄÄÄÄÄ´
³ BIOS Version : 0627                  BIOS Date    : 02/05/01                ³
³ BIOS Tag     : 1SIS5300              BIOS Size    : 256  Kb                 ³
ÃÄÄÄÄÄÄÄÄÄÄÄÄÄÄÄÄÄÄÄÄÄÄÄÄÄÄÄÄÄÄÄÄÄÄÄÄÄÄÄÄÄÄÄÄÄÄÄÄÄÄÄÄÄÄÄÄÄÄÄÄÄÄÄÄÄÄÄÄÄÄÄÄÄÄÄÄÄ´
³ ModuleID/ModuleName   RomLoc     SourceSize   SizeInRom    %%     RunLoc    ³
ÃÄÄÄÄÄÄÄÄÄÄÄÄÄÄÄÄÄÄÄÄÄÄÄÄÄÄÄÄÄÄÄÄÄÄÄÄÄÄÄÄÄÄÄÄÄÄÄÄÄÄÄÄÄÄÄÄÄÄÄÄÄÄÄÄÄÄÄÄÄÄÄÄÄÄÄÄÄ´
³    INIT               F000:C000  4000(16384)  4000(16384)  00.00  ---- ---- ³
³    NVRAM/ESCD         F000:8000  4000(16384)  4000(16384)  00.00  ---- ---- ³
³02 Runtime            F000:0FF4  9C90(40080)  7002(28674)  28.46  F000:6370 ³
³ 08 Interface          F000:090C  06DC(01756)  06E8(01768)  00.00  Dynamic   ³
³00 POST               E000:CDC2  4D7E(19838)  3B4A(15178)  23.49  F000:0000 ³
³03 DIM                E000:9797  4F8E(20366)  362B(13867)  31.91  E000:B070 ³
³04 Setup Client       E000:7266  39F7(14839)  2531(09521)  35.84  Dynamic   ³
³01 Setup Server       E000:5ABF  2410(09232)  17A7(06055)  34.41  F000:0000 ³
³ 06 DMI Data           E000:523E  0875(02165)  0881(02177)  00.00  Dynamic   ³
³07 GreenPC            E000:1D83  5600(22016)  34BB(13499)  38.69  Dynamic   ³
³0B Int-10             E000:1725  0856(02134)  065E(01630)  23.62  F000:F065 ³
³0D Int-13             D000:D112  5F1F(24351)  4613(17939)  26.33  Dynamic   ³
³0F ACPI Table         D000:CEB1  C2A6(49830)  0261(00609)  98.78  Dynamic   ³
³10 ACPI AML           D000:C380  1719(05913)  0B31(02865)  51.55  Dynamic   ³
³12 Configuration      D000:BAAE  0A4F(02639)  08D2(02258)  14.44  Dynamic   ³
³13 DMI Code           D000:B356  0925(02341)  0758(01880)  19.69  Dynamic   ³
³32 Graphic Logo Code  D000:B25C  01D1(00465)  00FA(00250)  46.24  Dynamic   ³
³33 Graphic Logo Data  D000:3C32  D826(55334)  762A(30250)  45.33  0000:0200 ³
³ 0C ROM-ID             D000:3C1E  0008(00008)  0014(00020)  00.00  Dynamic   ³
³31 OEM Logo Data      D000:3AD2  01D6(00470)  014C(00332)  29.36  Dynamic   ³
³20 PCI AddOn ROM      C000:F173  8000(32768)  495F(18783)  42.68  6000:4099 ³
ÃÄÄÄÄÄÄÄÄÄÄÄÄÄÄÄÄÄÄÄÄÄÄÄÄÄÄÄÄÄÄÄÄÄÄÄÄÄÄÄÄÄÄÄÄÄÄÄÄÄÄÄÄÄÄÄÄÄÄÄÄÄÄÄÄÄÄÄÄÄÄÄÄÄÄÄÄÄ´
³ Bytes Used       : 030EA0 ( 200352)     Bytes Free       : 00F160 (  61792) ³
ÀÄÄÄÄÄÄÄÄÄÄÄÄÄÄÄÄÄÄÄÄÄÄÄÄÄÄÄÄÄÄÄÄÄÄÄÄÄÄÄÄÄÄÄÄÄÄÄÄÄÄÄÄÄÄÄÄÄÄÄÄÄÄÄÄÄÄÄÄÄÄÄÄÄÄÄÄÄÙ

!! Module Manipulation Successful !!
	copy ..\..\rom\1SIS5300.rom
        1 file(s) copied
        1 file(s) copied
